TN:
SF:extension\src\acting\act.ts
FN:20,fillValue
FN:36,fillSelect
FN:38,anonymous_2
FN:50,fillEditable
FN:79,wait
FN:79,anonymous_5
FN:83,interactiveCount
FN:88,scrollingRoot
FN:95,scrollViewport
FN:116,dispatchClick
FN:148,settleAndReport
FN:170,loadMore
FN:213,handleViewportScroll
FN:242,tryPerformFill
FN:281,performAct
FNDA:9,fillValue
FNDA:4,fillSelect
FNDA:6,anonymous_2
FNDA:1,fillEditable
FNDA:9,wait
FNDA:9,anonymous_5
FNDA:12,interactiveCount
FNDA:13,scrollingRoot
FNDA:13,scrollViewport
FNDA:2,dispatchClick
FNDA:8,settleAndReport
FNDA:9,loadMore
FNDA:13,handleViewportScroll
FNDA:2,tryPerformFill
FNDA:13,performAct
FNF:15
FNH:15
BRDA:1,0,0,1
BRDA:20,1,0,3
BRDA:22,2,0,1
BRDA:22,3,0,2
BRDA:27,4,0,0
BRDA:30,5,0,9
BRDA:36,6,0,4
BRDA:40,7,0,1
BRDA:42,8,0,3
BRDA:38,9,0,6
BRDA:38,10,0,5
BRDA:38,11,0,3
BRDA:50,12,0,1
BRDA:64,13,0,0
BRDA:79,14,0,9
BRDA:79,15,0,9
BRDA:83,16,0,12
BRDA:88,17,0,13
BRDA:95,18,0,13
BRDA:98,19,0,0
BRDA:99,20,0,1
BRDA:101,21,0,12
BRDA:101,22,0,1
BRDA:103,23,0,11
BRDA:104,24,0,1
BRDA:104,25,0,10
BRDA:116,26,0,2
BRDA:118,27,0,0
BRDA:119,28,0,0
BRDA:148,29,0,8
BRDA:170,30,0,3
BRDA:176,31,0,9
BRDA:179,32,0,1
BRDA:188,33,0,8
BRDA:189,34,0,1
BRDA:199,35,0,1
BRDA:213,36,0,13
BRDA:217,37,0,8
BRDA:217,38,0,3
BRDA:219,39,0,10
BRDA:221,40,0,5
BRDA:221,41,0,4
BRDA:221,42,0,4
BRDA:232,43,0,0
BRDA:236,44,0,0
BRDA:238,45,0,6
BRDA:242,46,0,2
BRDA:250,47,0,0
BRDA:253,48,0,1
BRDA:253,49,0,1
BRDA:257,50,0,0
BRDA:259,51,0,1
BRDA:260,52,0,0
BRDA:262,53,0,1
BRDA:281,54,0,13
BRDA:283,55,0,7
BRDA:285,56,0,6
BRDA:288,57,0,1
BRDA:297,58,0,5
BRDA:304,59,0,1
BRDA:307,60,0,2
BRDA:309,61,0,1
BRDA:317,62,0,1
BRDA:320,63,0,1
BRDA:322,64,0,4
BRF:65
BRH:55
DA:1,1
DA:2,1
DA:3,1
DA:4,1
DA:5,1
DA:6,1
DA:7,1
DA:8,1
DA:9,1
DA:10,1
DA:11,1
DA:12,1
DA:13,1
DA:14,1
DA:15,1
DA:16,1
DA:17,1
DA:18,1
DA:19,1
DA:20,1
DA:21,3
DA:22,3
DA:23,3
DA:24,3
DA:25,3
DA:26,3
DA:27,3
DA:28,0
DA:29,0
DA:30,3
DA:31,9
DA:32,9
DA:33,3
DA:34,1
DA:35,1
DA:36,1
DA:37,4
DA:38,4
DA:39,4
DA:40,4
DA:41,1
DA:42,1
DA:43,3
DA:44,3
DA:45,3
DA:46,3
DA:47,4
DA:48,1
DA:49,1
DA:50,1
DA:51,1
DA:52,1
DA:53,1
DA:54,1
DA:55,1
DA:56,1
DA:57,1
DA:58,1
DA:59,1
DA:60,1
DA:61,1
DA:62,1
DA:63,1
DA:64,1
DA:65,1
DA:66,1
DA:67,1
DA:68,1
DA:69,1
DA:70,1
DA:71,1
DA:72,1
DA:73,1
DA:74,1
DA:75,1
DA:76,1
DA:77,1
DA:78,1
DA:79,1
DA:80,1
DA:81,1
DA:82,1
DA:83,12
DA:84,12
DA:85,12
DA:86,1
DA:87,1
DA:88,13
DA:89,13
DA:90,13
DA:91,1
DA:92,1
DA:93,1
DA:94,1
DA:95,13
DA:96,13
DA:97,13
DA:98,13
DA:99,13
DA:100,1
DA:101,13
DA:102,1
DA:103,12
DA:104,11
DA:105,11
DA:106,13
DA:107,13
DA:108,1
DA:109,1
DA:110,1
DA:111,1
DA:112,1
DA:113,1
DA:114,1
DA:115,1
DA:116,1
DA:117,2
DA:118,2
DA:119,2
DA:120,2
DA:121,2
DA:122,2
DA:123,2
DA:124,2
DA:125,2
DA:126,2
DA:127,2
DA:128,2
DA:129,2
DA:130,2
DA:131,2
DA:132,2
DA:133,2
DA:134,2
DA:135,2
DA:136,2
DA:137,2
DA:138,2
DA:139,2
DA:140,2
DA:141,2
DA:142,2
DA:143,2
DA:144,2
DA:145,2
DA:146,1
DA:147,1
DA:148,8
DA:149,8
DA:150,8
DA:151,8
DA:152,8
DA:153,8
DA:154,8
DA:155,8
DA:156,8
DA:157,8
DA:158,8
DA:159,8
DA:160,8
DA:161,8
DA:162,1
DA:163,1
DA:164,1
DA:165,1
DA:166,1
DA:167,1
DA:168,1
DA:169,1
DA:170,3
DA:171,3
DA:172,3
DA:173,3
DA:174,3
DA:175,3
DA:176,3
DA:177,9
DA:178,9
DA:179,9
DA:180,1
DA:181,1
DA:182,1
DA:183,1
DA:184,1
DA:185,1
DA:186,1
DA:187,1
DA:188,1
DA:189,9
DA:190,1
DA:191,1
DA:192,1
DA:193,1
DA:194,1
DA:195,1
DA:196,1
DA:197,1
DA:198,1
DA:199,9
DA:200,1
DA:201,1
DA:202,1
DA:203,1
DA:204,1
DA:205,1
DA:206,1
DA:207,1
DA:208,1
DA:209,1
DA:210,1
DA:211,3
DA:212,1
DA:213,13
DA:214,13
DA:215,13
DA:216,13
DA:217,13
DA:218,3
DA:219,3
DA:220,10
DA:221,13
DA:222,4
DA:223,4
DA:224,4
DA:225,4
DA:226,4
DA:227,4
DA:228,4
DA:229,4
DA:230,4
DA:231,4
DA:232,4
DA:233,4
DA:234,4
DA:235,4
DA:236,4
DA:237,0
DA:238,0
DA:239,6
DA:240,13
DA:241,1
DA:242,2
DA:243,2
DA:244,2
DA:245,2
DA:246,2
DA:247,2
DA:248,2
DA:249,2
DA:250,2
DA:251,0
DA:252,0
DA:253,2
DA:254,1
DA:255,1
DA:256,1
DA:257,2
DA:258,0
DA:259,0
DA:260,2
DA:261,0
DA:262,0
DA:263,1
DA:264,1
DA:265,1
DA:266,1
DA:267,1
DA:268,1
DA:269,1
DA:270,1
DA:271,1
DA:272,1
DA:273,1
DA:274,1
DA:275,1
DA:276,1
DA:277,1
DA:278,2
DA:279,1
DA:280,1
DA:281,1
DA:282,13
DA:283,13
DA:284,7
DA:285,7
DA:286,6
DA:287,6
DA:288,13
DA:289,1
DA:290,1
DA:291,1
DA:292,1
DA:293,1
DA:294,1
DA:295,1
DA:296,1
DA:297,1
DA:298,5
DA:299,5
DA:300,5
DA:301,5
DA:302,5
DA:303,5
DA:304,13
DA:305,1
DA:306,1
DA:307,13
DA:308,2
DA:309,2
DA:310,1
DA:311,1
DA:312,1
DA:313,1
DA:314,1
DA:315,1
DA:316,1
DA:317,13
DA:318,1
DA:319,1
DA:320,13
DA:321,1
DA:322,13
DA:323,4
DA:324,4
DA:325,13
LH:315
LF:325
end_of_record
SF:extension\src\acting\diff.ts
FN:7,refKey
FN:12,statesByKey
FN:30,computeDiff
FN:57,selectVerdict
FNDA:24,refKey
FNDA:24,statesByKey
FNDA:12,computeDiff
FNDA:12,selectVerdict
FNF:4
FNH:4
BRDA:1,0,0,2
BRDA:7,1,0,24
BRDA:12,2,0,24
BRDA:14,3,0,24
BRDA:17,4,0,2
BRDA:19,5,0,7
BRDA:20,6,0,14
BRDA:30,7,0,12
BRDA:36,8,0,12
BRDA:37,9,0,2
BRDA:40,10,0,3
BRDA:41,11,0,1
BRDA:41,12,0,1
BRDA:42,13,0,9
BRDA:46,14,0,10
BRDA:47,15,0,2
BRDA:38,16,0,0
BRDA:42,17,0,0
BRDA:57,18,0,12
BRDA:63,19,0,2
BRDA:63,20,0,2
BRDA:65,21,0,10
BRDA:66,22,0,2
BRDA:68,23,0,2
BRDA:69,24,0,1
BRDA:69,25,0,1
BRDA:68,26,0,6
BRF:27
BRH:25
DA:1,2
DA:2,2
DA:3,2
DA:4,2
DA:5,2
DA:6,2
DA:7,24
DA:8,24
DA:9,24
DA:10,2
DA:11,2
DA:12,24
DA:13,24
DA:14,24
DA:15,24
DA:16,24
DA:17,24
DA:18,2
DA:19,24
DA:20,7
DA:21,7
DA:22,24
DA:23,24
DA:24,24
DA:25,2
DA:26,2
DA:27,2
DA:28,2
DA:29,2
DA:30,2
DA:31,12
DA:32,12
DA:33,12
DA:34,12
DA:35,12
DA:36,12
DA:37,12
DA:38,12
DA:39,12
DA:40,12
DA:41,3
DA:42,12
DA:43,0
DA:44,0
DA:45,12
DA:46,12
DA:47,10
DA:48,2
DA:49,2
DA:50,2
DA:51,10
DA:52,12
DA:53,12
DA:54,12
DA:55,2
DA:56,2
DA:57,2
DA:58,12
DA:59,12
DA:60,12
DA:61,12
DA:62,12
DA:63,12
DA:64,2
DA:65,2
DA:66,12
DA:67,2
DA:68,2
DA:69,12
DA:70,12
LH:68
LF:70
end_of_record
SF:extension\src\acting\resolve.ts
FN:23,refState
FN:30,rememberSnapshot
FN:38,trimmedText
FN:44,narrow
FN:77,allInteractive
FN:89,resolveRef
FN:92,anonymous_6
FN:114,anonymous_7
FNDA:24,refState
FNDA:18,rememberSnapshot
FNDA:0,trimmedText
FNDA:0,narrow
FNDA:0,allInteractive
FNDA:6,resolveRef
FNDA:2,anonymous_6
FNDA:0,anonymous_7
FNF:8
FNH:4
BRDA:1,0,0,1
BRDA:23,1,0,24
BRDA:30,2,0,18
BRDA:89,3,0,6
BRDA:92,4,0,0
BRDA:100,5,0,5
BRDA:100,6,0,5
BRDA:101,7,0,0
BRDA:102,8,0,5
BRDA:104,9,0,1
BRDA:112,10,0,0
BRDA:92,11,0,2
BRF:12
BRH:9
DA:1,1
DA:2,1
DA:3,1
DA:4,1
DA:5,1
DA:6,1
DA:7,1
DA:8,1
DA:9,1
DA:10,1
DA:11,1
DA:12,1
DA:13,1
DA:14,1
DA:15,1
DA:16,1
DA:17,1
DA:18,1
DA:19,1
DA:20,1
DA:21,1
DA:22,1
DA:23,24
DA:24,24
DA:25,24
DA:26,24
DA:27,24
DA:28,1
DA:29,1
DA:30,1
DA:31,18
DA:32,18
DA:33,18
DA:34,18
DA:35,1
DA:36,1
DA:37,1
DA:38,0
DA:39,0
DA:40,0
DA:41,1
DA:42,1
DA:43,1
DA:44,0
DA:45,0
DA:46,0
DA:47,0
DA:48,0
DA:49,0
DA:50,0
DA:51,0
DA:52,0
DA:53,0
DA:54,0
DA:55,0
DA:56,0
DA:57,0
DA:58,0
DA:59,0
DA:60,0
DA:61,0
DA:62,0
DA:63,0
DA:64,0
DA:65,0
DA:66,0
DA:67,0
DA:68,0
DA:69,0
DA:70,1
DA:71,1
DA:72,1
DA:73,1
DA:74,1
DA:75,1
DA:76,1
DA:77,0
DA:78,0
DA:79,0
DA:80,0
DA:81,0
DA:82,0
DA:83,0
DA:84,0
DA:85,0
DA:86,1
DA:87,1
DA:88,1
DA:89,1
DA:90,6
DA:91,6
DA:92,6
DA:93,6
DA:94,6
DA:95,6
DA:96,6
DA:97,6
DA:98,6
DA:99,6
DA:100,6
DA:101,5
DA:102,6
DA:103,5
DA:104,5
DA:105,1
DA:106,1
DA:107,1
DA:108,1
DA:109,1
DA:110,1
DA:111,1
DA:112,1
DA:113,0
DA:114,0
DA:115,0
DA:116,0
DA:117,0
DA:118,0
DA:119,0
DA:120,0
DA:121,0
DA:122,0
DA:123,0
DA:124,0
DA:125,0
DA:126,0
DA:127,0
DA:128,0
DA:129,0
DA:130,0
DA:131,0
DA:132,0
DA:133,0
DA:134,0
DA:135,0
DA:136,0
DA:137,6
LH:75
LF:137
end_of_record
SF:extension\src\acting\settle.ts
FN:5,settle
FN:6,anonymous_1
FN:8,anonymous_2
FN:13,finish
FNDA:9,settle
FNDA:9,anonymous_1
FNDA:0,anonymous_2
FNDA:9,finish
FNF:4
FNH:3
BRDA:1,0,0,1
BRDA:5,1,0,9
BRDA:6,2,0,9
BRDA:13,3,0,9
BRF:4
BRH:4
DA:1,1
DA:2,1
DA:3,1
DA:4,1
DA:5,1
DA:6,9
DA:7,9
DA:8,9
DA:9,0
DA:10,0
DA:11,9
DA:12,9
DA:13,9
DA:14,9
DA:15,9
DA:16,9
DA:17,9
DA:18,9
DA:19,9
DA:20,9
DA:21,9
DA:22,9
DA:23,9
DA:24,9
DA:25,9
DA:26,9
LH:24
LF:26
end_of_record
SF:extension\src\messaging\act.ts
FN:19,handleNavigate
FN:62,handleAct
FN:135,sendActSentinel
FNDA:0,handleNavigate
FNDA:1,handleAct
FNDA:0,sendActSentinel
FNF:3
FNH:1
BRDA:1,0,0,1
BRDA:62,1,0,1
BRDA:64,2,0,0
BRDA:71,3,0,0
BRDA:81,4,0,0
BRDA:99,5,0,0
BRDA:101,6,0,0
BRF:7
BRH:2
DA:1,1
DA:2,1
DA:3,1
DA:4,1
DA:5,1
DA:6,1
DA:7,1
DA:8,1
DA:9,1
DA:10,1
DA:11,1
DA:12,1
DA:13,1
DA:14,1
DA:15,1
DA:16,1
DA:17,1
DA:18,1
DA:19,0
DA:20,0
DA:21,0
DA:22,0
DA:23,0
DA:24,0
DA:25,0
DA:26,0
DA:27,0
DA:28,0
DA:29,0
DA:30,0
DA:31,0
DA:32,0
DA:33,0
DA:34,0
DA:35,0
DA:36,0
DA:37,0
DA:38,0
DA:39,0
DA:40,0
DA:41,0
DA:42,0
DA:43,0
DA:44,0
DA:45,0
DA:46,0
DA:47,0
DA:48,0
DA:49,0
DA:50,0
DA:51,0
DA:52,0
DA:53,0
DA:54,0
DA:55,0
DA:56,0
DA:57,0
DA:58,0
DA:59,0
DA:60,0
DA:61,1
DA:62,1
DA:63,1
DA:64,1
DA:65,0
DA:66,0
DA:67,0
DA:68,1
DA:69,1
DA:70,1
DA:71,1
DA:72,0
DA:73,0
DA:74,0
DA:75,0
DA:76,0
DA:77,0
DA:78,0
DA:79,0
DA:80,1
DA:81,1
DA:82,0
DA:83,0
DA:84,1
DA:85,1
DA:86,1
DA:87,1
DA:88,1
DA:89,1
DA:90,1
DA:91,1
DA:92,1
DA:93,1
DA:94,1
DA:95,1
DA:96,1
DA:97,1
DA:98,1
DA:99,1
DA:100,1
DA:101,1
DA:102,0
DA:103,0
DA:104,0
DA:105,0
DA:106,0
DA:107,0
DA:108,0
DA:109,0
DA:110,0
DA:111,0
DA:112,0
DA:113,0
DA:114,0
DA:115,0
DA:116,0
DA:117,0
DA:118,0
DA:119,0
DA:120,0
DA:121,0
DA:122,0
DA:123,0
DA:124,0
DA:125,0
DA:126,0
DA:127,0
DA:128,0
DA:129,0
DA:130,0
DA:131,0
DA:132,0
DA:133,1
DA:134,1
DA:135,0
DA:136,0
DA:137,0
DA:138,0
DA:139,0
DA:140,0
DA:141,0
DA:142,0
DA:143,0
DA:144,0
LH:48
LF:144
end_of_record
SF:extension\src\messaging\common.ts
FN:21,focusedTab
FN:32,setCurrentTab
FN:38,currentTab
FN:42,anonymous_3
FN:49,originOf
FN:59,readTabContent
FNDA:1,focusedTab
FNDA:1,setCurrentTab
FNDA:3,currentTab
FNDA:0,anonymous_3
FNDA:3,originOf
FNDA:1,readTabContent
FNF:6
FNH:5
BRDA:1,0,0,1
BRDA:21,1,0,1
BRDA:32,2,0,1
BRDA:38,3,0,3
BRDA:41,4,0,2
BRDA:43,5,0,0
BRDA:44,6,0,1
BRDA:49,7,0,3
BRDA:52,8,0,0
BRDA:59,9,0,1
BRF:10
BRH:8
DA:1,1
DA:2,1
DA:3,1
DA:4,1
DA:5,1
DA:6,1
DA:7,1
DA:8,1
DA:9,1
DA:10,1
DA:11,1
DA:12,1
DA:13,1
DA:14,1
DA:15,1
DA:16,1
DA:17,1
DA:18,1
DA:19,1
DA:20,1
DA:21,1
DA:22,1
DA:23,1
DA:24,1
DA:25,1
DA:26,1
DA:27,1
DA:28,1
DA:29,1
DA:30,1
DA:31,1
DA:32,1
DA:33,1
DA:34,1
DA:35,1
DA:36,1
DA:37,1
DA:38,1
DA:39,3
DA:40,3
DA:41,3
DA:42,2
DA:43,2
DA:44,2
DA:45,1
DA:46,3
DA:47,1
DA:48,1
DA:49,1
DA:50,3
DA:51,3
DA:52,3
DA:53,0
DA:54,0
DA:55,3
DA:56,1
DA:57,1
DA:58,1
DA:59,1
DA:60,1
DA:61,1
DA:62,1
LH:60
LF:62
end_of_record
SF:extension\src\messaging\read.ts
FN:11,handleRead
FN:50,sendSentinel
FNDA:1,handleRead
FNDA:0,sendSentinel
FNF:2
FNH:1
BRDA:1,0,0,1
BRDA:11,1,0,1
BRDA:16,2,0,0
BRDA:27,3,0,0
BRDA:45,4,0,0
BRF:5
BRH:2
DA:1,1
DA:2,1
DA:3,1
DA:4,1
DA:5,1
DA:6,1
DA:7,1
DA:8,1
DA:9,1
DA:10,1
DA:11,1
DA:12,1
DA:13,1
DA:14,1
DA:15,1
DA:16,1
DA:17,0
DA:18,0
DA:19,0
DA:20,0
DA:21,0
DA:22,0
DA:23,0
DA:24,0
DA:25,1
DA:26,1
DA:27,1
DA:28,0
DA:29,0
DA:30,0
DA:31,0
DA:32,0
DA:33,0
DA:34,0
DA:35,0
DA:36,1
DA:37,1
DA:38,1
DA:39,1
DA:40,1
DA:41,1
DA:42,1
DA:43,1
DA:44,1
DA:45,1
DA:46,0
DA:47,0
DA:48,1
DA:49,1
DA:50,0
DA:51,0
DA:52,0
DA:53,0
DA:54,0
DA:55,0
DA:56,0
DA:57,0
DA:58,0
DA:59,0
LH:31
LF:59
end_of_record
SF:extension\src\messaging\tab-select.ts
FN:18,accessLabel
FN:30,selectTabs
FN:35,anonymous_2
FN:40,anonymous_3
FN:54,resolveTabSelection
FNDA:4,accessLabel
FNDA:11,selectTabs
FNDA:30,anonymous_2
FNDA:27,anonymous_3
FNDA:5,resolveTabSelection
FNF:5
FNH:5
BRDA:1,0,0,2
BRDA:18,1,0,4
BRDA:19,2,0,1
BRDA:21,3,0,2
BRDA:22,4,0,1
BRDA:22,5,0,1
BRDA:30,6,0,11
BRDA:32,7,0,1
BRDA:34,8,0,10
BRDA:36,9,0,1
BRDA:38,10,0,9
BRDA:35,11,0,30
BRDA:40,12,0,27
BRDA:40,13,0,20
BRDA:54,14,0,5
BRDA:62,15,0,1
BRDA:70,16,0,4
BRDA:71,17,0,1
BRDA:79,18,0,3
BRDA:80,19,0,2
BRDA:88,20,0,1
BRF:21
BRH:21
DA:1,2
DA:2,2
DA:3,2
DA:4,2
DA:5,2
DA:6,2
DA:7,2
DA:8,2
DA:9,2
DA:10,2
DA:11,2
DA:12,2
DA:13,2
DA:14,2
DA:15,2
DA:16,2
DA:17,2
DA:18,2
DA:19,4
DA:20,1
DA:21,1
DA:22,4
DA:23,4
DA:24,2
DA:25,2
DA:26,2
DA:27,2
DA:28,2
DA:29,2
DA:30,2
DA:31,11
DA:32,11
DA:33,1
DA:34,1
DA:35,10
DA:36,11
DA:37,1
DA:38,1
DA:39,9
DA:40,9
DA:41,9
DA:42,11
DA:43,2
DA:44,2
DA:45,2
DA:46,2
DA:47,2
DA:48,2
DA:49,2
DA:50,2
DA:51,2
DA:52,2
DA:53,2
DA:54,2
DA:55,5
DA:56,5
DA:57,5
DA:58,5
DA:59,5
DA:60,5
DA:61,5
DA:62,5
DA:63,1
DA:64,1
DA:65,1
DA:66,1
DA:67,1
DA:68,1
DA:69,1
DA:70,1
DA:71,5
DA:72,1
DA:73,1
DA:74,1
DA:75,1
DA:76,1
DA:77,1
DA:78,1
DA:79,1
DA:80,5
DA:81,2
DA:82,2
DA:83,2
DA:84,2
DA:85,2
DA:86,2
DA:87,2
DA:88,2
DA:89,1
DA:90,5
LH:90
LF:90
end_of_record
SF:extension\src\messaging\tabs.ts
FN:13,handleTabs
FN:41,anonymous_1
FN:53,anonymous_2
FN:64,anonymous_3
FN:78,sendTabs
FNDA:1,handleTabs
FNDA:0,anonymous_1
FNDA:0,anonymous_2
FNDA:0,anonymous_3
FNDA:1,sendTabs
FNF:5
FNH:2
BRDA:1,0,0,1
BRDA:13,1,0,1
BRDA:20,2,0,0
BRDA:26,3,0,0
BRDA:36,4,0,0
BRDA:54,5,0,0
BRDA:70,6,0,0
BRDA:78,7,0,1
BRDA:85,8,0,0
BRF:9
BRH:3
DA:1,1
DA:2,1
DA:3,1
DA:4,1
DA:5,1
DA:6,1
DA:7,1
DA:8,1
DA:9,1
DA:10,1
DA:11,1
DA:12,1
DA:13,1
DA:14,1
DA:15,1
DA:16,1
DA:17,1
DA:18,1
DA:19,1
DA:20,1
DA:21,0
DA:22,0
DA:23,1
DA:24,1
DA:25,1
DA:26,1
DA:27,1
DA:28,1
DA:29,1
DA:30,1
DA:31,1
DA:32,1
DA:33,1
DA:34,1
DA:35,1
DA:36,1
DA:37,0
DA:38,0
DA:39,0
DA:40,0
DA:41,0
DA:42,0
DA:43,0
DA:44,0
DA:45,0
DA:46,0
DA:47,0
DA:48,0
DA:49,0
DA:50,0
DA:51,0
DA:52,0
DA:53,1
DA:54,1
DA:55,0
DA:56,0
DA:57,0
DA:58,0
DA:59,0
DA:60,0
DA:61,0
DA:62,0
DA:63,0
DA:64,0
DA:65,1
DA:66,1
DA:67,1
DA:68,1
DA:69,1
DA:70,1
DA:71,0
DA:72,0
DA:73,0
DA:74,0
DA:75,0
DA:76,1
DA:77,1
DA:78,1
DA:79,1
DA:80,1
DA:81,1
DA:82,1
DA:83,1
DA:84,1
DA:85,1
DA:86,1
DA:87,1
LH:54
LF:87
end_of_record
SF:extension\src\perception\accessibility.ts
FN:10,stripMarkup
FN:18,safeRole
FN:27,safeName
FN:50,elementState
FN:77,fallbackName
FNDA:35,stripMarkup
FNDA:78,safeRole
FNDA:18,safeName
FNDA:126,elementState
FNDA:17,fallbackName
FNF:5
FNH:5
BRDA:1,0,0,1
BRDA:10,1,0,35
BRDA:18,2,0,78
BRDA:20,3,0,24
BRDA:21,4,0,0
BRDA:27,5,0,18
BRDA:30,6,0,0
BRDA:50,7,0,18
BRDA:52,8,0,126
BRDA:54,9,0,0
BRDA:58,10,0,7
BRDA:59,11,0,0
BRDA:62,12,0,6
BRDA:62,13,0,1
BRDA:64,14,0,11
BRDA:64,15,0,0
BRDA:66,16,0,0
BRDA:77,17,0,17
BRDA:80,18,0,0
BRDA:83,19,0,0
BRF:20
BRH:12
DA:1,1
DA:2,1
DA:3,1
DA:4,1
DA:5,1
DA:6,1
DA:7,1
DA:8,1
DA:9,1
DA:10,35
DA:11,35
DA:12,35
DA:13,35
DA:14,35
DA:15,35
DA:16,1
DA:17,1
DA:18,1
DA:19,78
DA:20,78
DA:21,78
DA:22,0
DA:23,0
DA:24,78
DA:25,1
DA:26,1
DA:27,1
DA:28,18
DA:29,18
DA:30,18
DA:31,0
DA:32,0
DA:33,18
DA:34,1
DA:35,1
DA:36,1
DA:37,1
DA:38,1
DA:39,1
DA:40,1
DA:41,1
DA:42,1
DA:43,1
DA:44,1
DA:45,1
DA:46,1
DA:47,1
DA:48,1
DA:49,1
DA:50,1
DA:51,18
DA:52,18
DA:53,126
DA:54,126
DA:55,0
DA:56,0
DA:57,126
DA:58,18
DA:59,7
DA:60,0
DA:61,7
DA:62,7
DA:63,7
DA:64,18
DA:65,0
DA:66,11
DA:67,0
DA:68,0
DA:69,18
DA:70,18
DA:71,1
DA:72,1
DA:73,1
DA:74,1
DA:75,1
DA:76,1
DA:77,1
DA:78,17
DA:79,17
DA:80,17
DA:81,0
DA:82,0
DA:83,17
DA:84,17
LH:72
LF:84
end_of_record
SF:extension\src\perception\dom.ts
FN:33,isHidden
FN:57,isInteractive
FN:66,isComposite
FNDA:42,isHidden
FNDA:42,isInteractive
FNDA:18,isComposite
FNF:3
FNH:3
BRDA:1,0,0,1
BRDA:33,1,0,42
BRDA:34,2,0,0
BRDA:39,3,0,0
BRDA:44,4,0,0
BRDA:49,5,0,0
BRDA:53,6,0,0
BRDA:53,7,0,0
BRDA:57,8,0,42
BRDA:58,9,0,18
BRDA:60,10,0,24
BRDA:66,11,0,18
BRDA:67,12,0,0
BRDA:71,13,0,0
BRF:14
BRH:6
DA:1,1
DA:2,1
DA:3,1
DA:4,1
DA:5,1
DA:6,1
DA:7,1
DA:8,1
DA:9,1
DA:10,1
DA:11,1
DA:12,1
DA:13,1
DA:14,1
DA:15,1
DA:16,1
DA:17,1
DA:18,1
DA:19,1
DA:20,1
DA:21,1
DA:22,1
DA:23,1
DA:24,1
DA:25,1
DA:26,1
DA:27,1
DA:28,1
DA:29,1
DA:30,1
DA:31,1
DA:32,1
DA:33,1
DA:34,42
DA:35,0
DA:36,0
DA:37,42
DA:38,42
DA:39,42
DA:40,0
DA:41,0
DA:42,42
DA:43,42
DA:44,42
DA:45,0
DA:46,0
DA:47,42
DA:48,42
DA:49,42
DA:50,0
DA:51,0
DA:52,42
DA:53,42
DA:54,42
DA:55,1
DA:56,1
DA:57,1
DA:58,42
DA:59,18
DA:60,18
DA:61,24
DA:62,42
DA:63,1
DA:64,1
DA:65,1
DA:66,1
DA:67,18
DA:68,0
DA:69,0
DA:70,18
DA:71,18
DA:72,0
DA:73,0
DA:74,18
DA:75,18
LH:63
LF:75
end_of_record
SF:extension\src\perception\recipe.ts
FN:7,makeRecipe
FNDA:18,makeRecipe
FNF:1
FNH:1
BRDA:1,0,0,1
BRDA:7,1,0,18
BRDA:9,2,0,8
BRDA:10,3,0,0
BRDA:14,4,0,0
BRDA:21,5,0,1
BRDA:21,6,0,17
BRF:7
BRH:5
DA:1,1
DA:2,1
DA:3,1
DA:4,1
DA:5,1
DA:6,1
DA:7,1
DA:8,18
DA:9,18
DA:10,8
DA:11,0
DA:12,0
DA:13,8
DA:14,18
DA:15,18
DA:16,18
DA:17,18
DA:18,18
DA:19,18
DA:20,18
DA:21,18
DA:22,18
DA:23,18
LH:21
LF:23
end_of_record
SF:extension\src\perception\snapshot.ts
FN:38,<instance_members_initializer>
FN:49,SnapshotBuilder
FN:53,build
FN:76,flush
FN:89,handleInteractive
FN:117,handleHeading
FN:143,handleIframe
FN:158,shouldSkipElement
FN:168,isPasswordField
FN:172,handleInteractiveOrSpecial
FN:188,walkChildren
FN:199,walk
FN:229,buildSnapshot
FNDA:24,<instance_members_initializer>
FNDA:24,SnapshotBuilder
FNDA:24,build
FNDA:42,flush
FNDA:18,handleInteractive
FNDA:0,handleHeading
FNDA:0,handleIframe
FNDA:42,shouldSkipElement
FNDA:42,isPasswordField
FNDA:42,handleInteractiveOrSpecial
FNDA:24,walkChildren
FNDA:42,walk
FNDA:24,buildSnapshot
FNF:13
FNH:11
BRDA:1,0,0,1
BRDA:38,1,0,24
BRDA:49,2,0,24
BRDA:53,3,0,24
BRDA:55,4,0,0
BRDA:76,5,0,42
BRDA:82,6,0,0
BRDA:89,7,0,18
BRDA:91,8,0,0
BRDA:93,9,0,17
BRDA:104,10,0,7
BRDA:104,11,0,11
BRDA:109,12,0,0
BRDA:158,13,0,42
BRDA:159,14,0,0
BRDA:162,15,0,0
BRDA:168,16,0,42
BRDA:169,17,0,7
BRDA:172,18,0,42
BRDA:173,19,0,18
BRDA:176,20,0,24
BRDA:177,21,0,0
BRDA:180,22,0,24
BRDA:181,23,0,0
BRDA:184,24,0,24
BRDA:188,25,0,24
BRDA:189,26,0,18
BRDA:192,27,0,0
BRDA:199,28,0,42
BRDA:200,29,0,0
BRDA:204,30,0,0
BRDA:209,31,0,0
BRDA:212,32,0,0
BRDA:216,33,0,18
BRDA:218,34,0,24
BRDA:222,35,0,0
BRDA:229,36,0,24
BRF:37
BRH:23
DA:1,1
DA:2,1
DA:3,1
DA:4,1
DA:5,1
DA:6,1
DA:7,1
DA:8,1
DA:9,1
DA:10,1
DA:11,1
DA:12,1
DA:13,1
DA:14,1
DA:15,1
DA:16,1
DA:17,1
DA:18,1
DA:19,1
DA:20,1
DA:21,1
DA:22,1
DA:23,1
DA:24,1
DA:25,1
DA:26,1
DA:27,1
DA:28,1
DA:29,1
DA:30,1
DA:31,1
DA:32,1
DA:33,1
DA:34,1
DA:35,1
DA:36,1
DA:37,1
DA:38,1
DA:39,24
DA:40,24
DA:41,24
DA:42,24
DA:43,24
DA:44,24
DA:45,24
DA:46,24
DA:47,1
DA:48,1
DA:49,1
DA:50,24
DA:51,24
DA:52,1
DA:53,1
DA:54,24
DA:55,24
DA:56,0
DA:57,0
DA:58,24
DA:59,24
DA:60,24
DA:61,24
DA:62,24
DA:63,24
DA:64,24
DA:65,24
DA:66,24
DA:67,24
DA:68,24
DA:69,24
DA:70,24
DA:71,24
DA:72,24
DA:73,24
DA:74,24
DA:75,1
DA:76,1
DA:77,42
DA:78,42
DA:79,42
DA:80,42
DA:81,42
DA:82,42
DA:83,0
DA:84,0
DA:85,0
DA:86,42
DA:87,42
DA:88,1
DA:89,1
DA:90,18
DA:91,18
DA:92,18
DA:93,18
DA:94,18
DA:95,18
DA:96,18
DA:97,18
DA:98,18
DA:99,18
DA:100,18
DA:101,18
DA:102,18
DA:103,18
DA:104,18
DA:105,18
DA:106,18
DA:107,18
DA:108,18
DA:109,18
DA:110,0
DA:111,0
DA:112,0
DA:113,0
DA:114,0
DA:115,18
DA:116,1
DA:117,1
DA:118,0
DA:119,0
DA:120,0
DA:121,0
DA:122,0
DA:123,0
DA:124,0
DA:125,0
DA:126,0
DA:127,0
DA:128,0
DA:129,0
DA:130,0
DA:131,0
DA:132,0
DA:133,0
DA:134,0
DA:135,0
DA:136,0
DA:137,0
DA:138,0
DA:139,0
DA:140,0
DA:141,0
DA:142,1
DA:143,1
DA:144,0
DA:145,0
DA:146,0
DA:147,0
DA:148,0
DA:149,0
DA:150,0
DA:151,0
DA:152,0
DA:153,0
DA:154,0
DA:155,0
DA:156,0
DA:157,1
DA:158,1
DA:159,42
DA:160,0
DA:161,0
DA:162,42
DA:163,0
DA:164,0
DA:165,42
DA:166,42
DA:167,1
DA:168,1
DA:169,42
DA:170,42
DA:171,1
DA:172,1
DA:173,42
DA:174,18
DA:175,18
DA:176,18
DA:177,42
DA:178,0
DA:179,0
DA:180,0
DA:181,42
DA:182,0
DA:183,0
DA:184,0
DA:185,24
DA:186,42
DA:187,1
DA:188,1
DA:189,24
DA:190,18
DA:191,18
DA:192,24
DA:193,0
DA:194,0
DA:195,0
DA:196,0
DA:197,24
DA:198,1
DA:199,1
DA:200,42
DA:201,0
DA:202,0
DA:203,0
DA:204,42
DA:205,0
DA:206,0
DA:207,42
DA:208,42
DA:209,42
DA:210,0
DA:211,0
DA:212,42
DA:213,0
DA:214,0
DA:215,42
DA:216,42
DA:217,18
DA:218,18
DA:219,24
DA:220,24
DA:221,24
DA:222,42
DA:223,0
DA:224,0
DA:225,42
DA:226,1
DA:227,1
DA:228,1
DA:229,1
DA:230,24
DA:231,24
LH:159
LF:231
end_of_record
SF:extension\src\permissions\policy.ts
FN:23,decideAccess
FN:25,anonymous_1
FNDA:11,decideAccess
FNDA:11,anonymous_1
FNF:2
FNH:2
BRDA:1,0,0,3
BRDA:23,1,0,11
BRDA:27,2,0,4
BRDA:29,3,0,4
BRDA:25,4,0,11
BRDA:25,5,0,2
BRDA:25,6,0,3
BRF:7
BRH:7
DA:1,3
DA:2,3
DA:3,3
DA:4,3
DA:5,3
DA:6,3
DA:7,3
DA:8,3
DA:9,3
DA:10,3
DA:11,3
DA:12,3
DA:13,3
DA:14,3
DA:15,3
DA:16,3
DA:17,3
DA:18,3
DA:19,3
DA:20,3
DA:21,3
DA:22,3
DA:23,3
DA:24,11
DA:25,11
DA:26,11
DA:27,11
DA:28,4
DA:29,4
DA:30,4
DA:31,11
DA:32,3
DA:33,3
DA:34,3
DA:35,3
DA:36,3
DA:37,3
DA:38,3
DA:39,3
DA:40,3
DA:41,3
LH:41
LF:41
end_of_record
SF:extension\src\permissions\storage.ts
FN:14,listGrants
FN:19,anonymous_1
FN:32,saveGrants
FN:40,grantSite
FN:56,revokeSite
FNDA:3,listGrants
FNDA:3,anonymous_1
FNDA:0,saveGrants
FNDA:0,grantSite
FNDA:0,revokeSite
FNF:5
FNH:2
BRDA:1,0,0,1
BRDA:14,1,0,3
BRDA:17,2,0,0
BRDA:20,3,0,0
BRDA:19,4,0,3
BRDA:19,5,0,0
BRF:6
BRH:3
DA:1,1
DA:2,1
DA:3,1
DA:4,1
DA:5,1
DA:6,1
DA:7,1
DA:8,1
DA:9,1
DA:10,1
DA:11,1
DA:12,1
DA:13,1
DA:14,1
DA:15,3
DA:16,3
DA:17,3
DA:18,3
DA:19,3
DA:20,3
DA:21,0
DA:22,0
DA:23,0
DA:24,0
DA:25,0
DA:26,0
DA:27,0
DA:28,3
DA:29,3
DA:30,1
DA:31,1
DA:32,1
DA:33,0
DA:34,0
DA:35,1
DA:36,1
DA:37,1
DA:38,1
DA:39,1
DA:40,1
DA:41,0
DA:42,0
DA:43,0
DA:44,0
DA:45,0
DA:46,0
DA:47,0
DA:48,0
DA:49,0
DA:50,0
DA:51,0
DA:52,0
DA:53,0
DA:54,1
DA:55,1
DA:56,1
DA:57,0
DA:58,0
DA:59,0
DA:60,0
LH:34
LF:60
end_of_record
SF:extension\src\service-worker.ts
FN:23,send
FN:27,loadConnection
FN:44,connect
FN:53,anonymous_3
FN:64,anonymous_4
FN:74,anonymous_5
FN:82,anonymous_6
FN:87,anonymous_7
FN:93,route
FN:109,anonymous_9
FN:112,anonymous_10
FN:116,anonymous_11
FNDA:3,send
FNDA:2,loadConnection
FNDA:2,connect
FNDA:2,anonymous_3
FNDA:1,anonymous_4
FNDA:3,anonymous_5
FNDA:1,anonymous_6
FNDA:1,anonymous_7
FNDA:3,route
FNDA:0,anonymous_9
FNDA:0,anonymous_10
FNDA:1,anonymous_11
FNF:12
FNH:10
BRDA:1,0,0,1
BRDA:23,1,0,3
BRDA:27,2,0,2
BRDA:35,3,0,0
BRDA:38,4,0,0
BRDA:44,5,0,2
BRDA:45,6,0,0
BRDA:45,7,0,0
BRDA:49,8,0,0
BRDA:54,9,0,0
BRDA:59,10,0,0
BRDA:53,11,0,2
BRDA:64,12,0,1
BRDA:74,13,0,3
BRDA:78,14,0,0
BRDA:82,15,0,1
BRDA:87,16,0,1
BRDA:93,17,0,3
BRDA:97,18,0,0
BRDA:100,19,0,1
BRDA:102,20,0,2
BRDA:102,21,0,1
BRDA:116,22,0,1
BRF:23
BRH:14
DA:1,1
DA:2,1
DA:3,1
DA:4,1
DA:5,1
DA:6,1
DA:7,1
DA:8,1
DA:9,1
DA:10,1
DA:11,1
DA:12,1
DA:13,1
DA:14,1
DA:15,1
DA:16,1
DA:17,1
DA:18,1
DA:19,1
DA:20,1
DA:21,1
DA:22,1
DA:23,3
DA:24,3
DA:25,3
DA:26,1
DA:27,2
DA:28,2
DA:29,2
DA:30,2
DA:31,2
DA:32,2
DA:33,2
DA:34,2
DA:35,2
DA:36,2
DA:37,2
DA:38,2
DA:39,0
DA:40,0
DA:41,0
DA:42,2
DA:43,1
DA:44,2
DA:45,2
DA:46,0
DA:47,0
DA:48,2
DA:49,2
DA:50,0
DA:51,0
DA:52,2
DA:53,2
DA:54,2
DA:55,0
DA:56,0
DA:57,2
DA:58,2
DA:59,2
DA:60,0
DA:61,0
DA:62,2
DA:63,2
DA:64,2
DA:65,1
DA:66,1
DA:67,1
DA:68,1
DA:69,1
DA:70,1
DA:71,1
DA:72,2
DA:73,2
DA:74,2
DA:75,3
DA:76,3
DA:77,3
DA:78,3
DA:79,0
DA:80,0
DA:81,2
DA:82,2
DA:83,1
DA:84,1
DA:85,1
DA:86,2
DA:87,2
DA:88,1
DA:89,2
DA:90,2
DA:91,1
DA:92,1
DA:93,3
DA:94,3
DA:95,3
DA:96,3
DA:97,3
DA:98,0
DA:99,0
DA:100,3
DA:101,1
DA:102,3
DA:103,1
DA:104,1
DA:105,1
DA:106,1
DA:107,3
DA:108,1
DA:109,1
DA:110,0
DA:111,1
DA:112,1
DA:113,0
DA:114,1
DA:115,1
DA:116,1
DA:117,1
DA:118,1
DA:119,1
LH:102
LF:119
end_of_record
SF:scripts\setup.ts
FN:26,generateToken
FN:31,mcpServerEntry
FN:36,withBrowsightServer
FN:49,tomlString
FN:56,browsightCodexBlock
FN:64,withBrowsightCodex
FN:82,home
FN:86,bridgeConfigPath
FN:94,clientConfigPaths
FN:103,anonymous_9
FN:104,anonymous_10
FN:107,codexConfigPath
FN:111,tryPort
FN:112,anonymous_13
FN:115,anonymous_14
FN:118,anonymous_15
FN:124,pickPort
FN:136,writeJson
FN:141,readJson
FN:152,runSetup
FN:186,anonymous_20
FN:190,runDoctor
FN:197,anonymous_22
FN:212,anonymous_23
FNDA:4,generateToken
FNDA:3,mcpServerEntry
FNDA:6,withBrowsightServer
FNDA:8,tomlString
FNDA:4,browsightCodexBlock
FNDA:3,withBrowsightCodex
FNDA:14,home
FNDA:6,bridgeConfigPath
FNDA:4,clientConfigPaths
FNDA:16,anonymous_9
FNDA:7,anonymous_10
FNDA:4,codexConfigPath
FNDA:7,tryPort
FNDA:7,anonymous_13
FNDA:5,anonymous_14
FNDA:5,anonymous_15
FNDA:4,pickPort
FNDA:9,writeJson
FNDA:9,readJson
FNDA:5,runSetup
FNDA:18,anonymous_20
FNDA:10,runDoctor
FNDA:2,anonymous_22
FNDA:8,anonymous_23
FNF:24
FNH:24
BRDA:1,0,0,1
BRDA:220,1,0,0
BRDA:221,2,0,0
BRDA:26,3,0,4
BRDA:31,4,0,3
BRDA:36,5,0,6
BRDA:40,6,0,4
BRDA:49,7,0,8
BRDA:51,8,0,0
BRDA:56,9,0,4
BRDA:64,10,0,3
BRDA:67,11,0,1
BRDA:67,12,0,2
BRDA:69,13,0,0
BRDA:70,14,0,1
BRDA:73,15,0,0
BRDA:73,16,0,1
BRDA:74,17,0,1
BRDA:74,18,0,0
BRDA:82,19,0,14
BRDA:83,20,0,0
BRDA:86,21,0,6
BRDA:94,22,0,4
BRDA:103,23,0,16
BRDA:103,24,0,12
BRDA:103,25,0,12
BRDA:104,26,0,7
BRDA:107,27,0,4
BRDA:111,28,0,7
BRDA:112,29,0,7
BRDA:115,30,0,5
BRDA:117,31,0,0
BRDA:118,32,0,5
BRDA:124,33,0,4
BRDA:127,34,0,1
BRDA:130,35,0,0
BRDA:136,36,0,9
BRDA:141,37,0,9
BRDA:142,38,0,7
BRDA:144,39,0,2
BRDA:147,40,0,0
BRDA:152,41,0,2
BRDA:156,42,0,0
BRDA:157,43,0,0
BRDA:159,44,0,0
BRDA:164,45,0,5
BRDA:170,46,0,1
BRDA:170,47,0,1
BRDA:171,48,0,0
BRDA:178,49,0,0
BRDA:186,50,0,18
BRDA:190,51,0,2
BRDA:193,52,0,0
BRDA:209,53,0,10
BRDA:210,54,0,8
BRDA:210,55,0,2
BRDA:215,56,0,1
BRDA:216,57,0,1
BRDA:197,58,0,2
BRDA:197,59,0,1
BRDA:212,60,0,8
BRF:61
BRH:45
DA:1,1
DA:2,1
DA:3,1
DA:4,1
DA:5,1
DA:6,1
DA:7,1
DA:8,1
DA:9,1
DA:10,1
DA:11,1
DA:12,1
DA:13,1
DA:14,1
DA:15,1
DA:16,1
DA:17,1
DA:18,1
DA:19,1
DA:20,1
DA:21,1
DA:22,1
DA:23,1
DA:24,1
DA:25,1
DA:26,1
DA:27,4
DA:28,4
DA:29,1
DA:30,1
DA:31,1
DA:32,3
DA:33,3
DA:34,1
DA:35,1
DA:36,1
DA:37,6
DA:38,6
DA:39,6
DA:40,6
DA:41,6
DA:42,6
DA:43,1
DA:44,1
DA:45,1
DA:46,1
DA:47,1
DA:48,1
DA:49,8
DA:50,8
DA:51,8
DA:52,8
DA:53,8
DA:54,1
DA:55,1
DA:56,1
DA:57,4
DA:58,4
DA:59,4
DA:60,1
DA:61,1
DA:62,1
DA:63,1
DA:64,1
DA:65,3
DA:66,3
DA:67,3
DA:68,2
DA:69,2
DA:70,2
DA:71,1
DA:72,1
DA:73,3
DA:74,3
DA:75,3
DA:76,3
DA:77,1
DA:78,1
DA:79,1
DA:80,1
DA:81,1
DA:82,14
DA:83,14
DA:84,14
DA:85,1
DA:86,6
DA:87,6
DA:88,6
DA:89,1
DA:90,1
DA:91,1
DA:92,1
DA:93,1
DA:94,4
DA:95,4
DA:96,4
DA:97,4
DA:98,4
DA:99,4
DA:100,4
DA:101,4
DA:102,4
DA:103,4
DA:104,4
DA:105,4
DA:106,1
DA:107,4
DA:108,4
DA:109,4
DA:110,1
DA:111,1
DA:112,7
DA:113,7
DA:114,7
DA:115,7
DA:116,5
DA:117,5
DA:118,5
DA:119,7
DA:120,7
DA:121,7
DA:122,7
DA:123,1
DA:124,1
DA:125,4
DA:126,4
DA:127,4
DA:128,1
DA:129,1
DA:130,1
DA:131,0
DA:132,0
DA:133,1
DA:134,4
DA:135,1
DA:136,9
DA:137,9
DA:138,9
DA:139,9
DA:140,1
DA:141,9
DA:142,9
DA:143,7
DA:144,7
DA:145,2
DA:146,2
DA:147,9
DA:148,0
DA:149,0
DA:150,9
DA:151,1
DA:152,1
DA:153,2
DA:154,2
DA:155,2
DA:156,2
DA:157,2
DA:158,2
DA:159,2
DA:160,2
DA:161,2
DA:162,2
DA:163,2
DA:164,2
DA:165,5
DA:166,5
DA:167,2
DA:168,2
DA:169,2
DA:170,2
DA:171,1
DA:172,1
DA:173,1
DA:174,1
DA:175,2
DA:176,2
DA:177,2
DA:178,2
DA:179,2
DA:180,2
DA:181,2
DA:182,2
DA:183,2
DA:184,2
DA:185,2
DA:186,2
DA:187,2
DA:188,2
DA:189,1
DA:190,1
DA:191,2
DA:192,2
DA:193,2
DA:194,2
DA:195,2
DA:196,2
DA:197,2
DA:198,2
DA:199,2
DA:200,2
DA:201,2
DA:202,2
DA:203,2
DA:204,2
DA:205,2
DA:206,2
DA:207,2
DA:208,2
DA:209,2
DA:210,10
DA:211,10
DA:212,2
DA:213,2
DA:214,2
DA:215,2
DA:216,2
DA:217,2
DA:218,2
DA:219,1
DA:220,1
DA:221,1
DA:222,0
DA:223,0
DA:224,0
DA:225,0
DA:226,0
DA:227,0
DA:228,0
DA:229,0
DA:230,0
DA:231,0
DA:232,0
DA:233,0
LH:217
LF:233
end_of_record
SF:server\src\bridge.ts
FN:40,startBridge
FN:51,anonymous_1
FN:60,anonymous_2
FN:62,anonymous_3
FN:68,anonymous_4
FN:103,anonymous_5
FN:117,request
FN:118,anonymous_7
FN:127,anonymous_8
FN:137,readActiveTab
FN:142,actActiveTab
FN:153,listTabs
FN:158,close
FN:159,anonymous_13
FN:160,anonymous_14
FN:166,tokensMatch
FNDA:4,startBridge
FNDA:1,anonymous_1
FNDA:1,anonymous_2
FNDA:0,anonymous_3
FNDA:2,anonymous_4
FNDA:1,anonymous_5
FNDA:3,request
FNDA:3,anonymous_7
FNDA:0,anonymous_8
FNDA:3,readActiveTab
FNDA:0,actActiveTab
FNDA:0,listTabs
FNDA:4,close
FNDA:4,anonymous_13
FNDA:4,anonymous_14
FNDA:1,tokensMatch
FNF:16
FNH:12
BRDA:1,0,0,1
BRDA:40,1,0,4
BRDA:51,2,0,1
BRDA:56,3,0,0
BRDA:60,4,0,1
BRDA:68,5,0,2
BRDA:73,6,0,0
BRDA:77,7,0,1
BRDA:82,8,0,0
BRDA:86,9,0,1
BRDA:90,10,0,0
BRDA:91,11,0,0
BRDA:93,12,0,1
BRDA:103,13,0,1
BRDA:108,14,0,0
BRDA:117,15,0,3
BRDA:118,16,0,3
BRDA:119,17,0,1
BRDA:122,18,0,2
BRDA:123,19,0,1
BRDA:137,20,0,3
BRDA:139,21,0,1
BRDA:158,22,0,4
BRDA:159,23,0,4
BRDA:160,24,0,4
BRDA:166,25,0,1
BRF:26
BRH:20
DA:1,1
DA:2,1
DA:3,1
DA:4,1
DA:5,1
DA:6,1
DA:7,1
DA:8,1
DA:9,1
DA:10,1
DA:11,1
DA:12,1
DA:13,1
DA:14,1
DA:15,1
DA:16,1
DA:17,1
DA:18,1
DA:19,1
DA:20,1
DA:21,1
DA:22,1
DA:23,1
DA:24,1
DA:25,1
DA:26,1
DA:27,1
DA:28,1
DA:29,1
DA:30,1
DA:31,1
DA:32,1
DA:33,1
DA:34,1
DA:35,1
DA:36,1
DA:37,1
DA:38,1
DA:39,1
DA:40,1
DA:41,4
DA:42,4
DA:43,4
DA:44,4
DA:45,4
DA:46,4
DA:47,4
DA:48,4
DA:49,4
DA:50,4
DA:51,4
DA:52,1
DA:53,1
DA:54,1
DA:55,1
DA:56,1
DA:57,1
DA:58,4
DA:59,4
DA:60,4
DA:61,1
DA:62,1
DA:63,0
DA:64,0
DA:65,0
DA:66,1
DA:67,1
DA:68,1
DA:69,2
DA:70,2
DA:71,2
DA:72,2
DA:73,2
DA:74,0
DA:75,0
DA:76,2
DA:77,2
DA:78,1
DA:79,1
DA:80,1
DA:81,1
DA:82,1
DA:83,0
DA:84,0
DA:85,1
DA:86,1
DA:87,1
DA:88,1
DA:89,1
DA:90,2
DA:91,2
DA:92,0
DA:93,2
DA:94,1
DA:95,1
DA:96,1
DA:97,1
DA:98,1
DA:99,1
DA:100,1
DA:101,1
DA:102,1
DA:103,1
DA:104,1
DA:105,1
DA:106,1
DA:107,1
DA:108,1
DA:109,0
DA:110,0
DA:111,0
DA:112,0
DA:113,1
DA:114,1
DA:115,4
DA:116,4
DA:117,4
DA:118,3
DA:119,3
DA:120,1
DA:121,1
DA:122,1
DA:123,3
DA:124,1
DA:125,1
DA:126,1
DA:127,1
DA:128,0
DA:129,0
DA:130,1
DA:131,1
DA:132,1
DA:133,3
DA:134,3
DA:135,4
DA:136,4
DA:137,4
DA:138,3
DA:139,3
DA:140,1
DA:141,4
DA:142,4
DA:143,0
DA:144,0
DA:145,0
DA:146,0
DA:147,0
DA:148,0
DA:149,0
DA:150,0
DA:151,0
DA:152,4
DA:153,4
DA:154,0
DA:155,0
DA:156,0
DA:157,4
DA:158,4
DA:159,4
DA:160,4
DA:161,4
DA:162,4
DA:163,4
DA:164,4
DA:165,1
DA:166,1
DA:167,1
DA:168,1
DA:169,1
DA:170,1
LH:144
LF:170
end_of_record
SF:server\src\extract.ts
FN:27,stripSecrets
FN:31,anonymous_1
FN:42,estimateTokens
FN:60,isLoginWall
FN:68,anonymous_4
FNDA:36,stripSecrets
FNDA:1,anonymous_1
FNDA:2,estimateTokens
FNDA:3,isLoginWall
FNDA:1,anonymous_4
FNF:5
FNH:5
BRDA:1,0,0,1
BRDA:27,1,0,6
BRDA:35,2,0,36
BRDA:31,3,0,1
BRDA:32,4,0,0
BRDA:42,5,0,2
BRDA:60,6,0,3
BRDA:61,7,0,1
BRDA:63,8,0,2
BRDA:65,9,0,1
BRDA:68,10,0,1
BRF:11
BRH:10
DA:1,1
DA:2,1
DA:3,1
DA:4,1
DA:5,1
DA:6,1
DA:7,1
DA:8,1
DA:9,1
DA:10,1
DA:11,1
DA:12,1
DA:13,1
DA:14,1
DA:15,1
DA:16,1
DA:17,1
DA:18,1
DA:19,1
DA:20,1
DA:21,1
DA:22,1
DA:23,1
DA:24,1
DA:25,1
DA:26,1
DA:27,1
DA:28,6
DA:29,6
DA:30,6
DA:31,6
DA:32,6
DA:33,6
DA:34,6
DA:35,6
DA:36,36
DA:37,36
DA:38,6
DA:39,6
DA:40,1
DA:41,1
DA:42,1
DA:43,2
DA:44,2
DA:45,1
DA:46,1
DA:47,1
DA:48,1
DA:49,1
DA:50,1
DA:51,1
DA:52,1
DA:53,1
DA:54,1
DA:55,1
DA:56,1
DA:57,1
DA:58,1
DA:59,1
DA:60,1
DA:61,3
DA:62,1
DA:63,1
DA:64,2
DA:65,3
DA:66,1
DA:67,1
DA:68,1
DA:69,3
LH:69
LF:69
end_of_record
SF:server\src\tabs.ts
FN:14,formatTabs
FN:19,anonymous_1
FNDA:2,formatTabs
FNDA:3,anonymous_1
FNF:2
FNH:2
BRDA:1,0,0,1
BRDA:14,1,0,2
BRDA:15,2,0,1
BRDA:19,3,0,3
BRDA:20,4,0,1
BRDA:20,5,0,2
BRDA:20,6,0,0
BRF:7
BRH:6
DA:1,1
DA:2,1
DA:3,1
DA:4,1
DA:5,1
DA:6,1
DA:7,1
DA:8,1
DA:9,1
DA:10,1
DA:11,1
DA:12,1
DA:13,1
DA:14,1
DA:15,2
DA:16,1
DA:17,1
DA:18,1
DA:19,1
DA:20,1
DA:21,1
DA:22,1
DA:23,2
LH:23
LF:23
end_of_record
SF:shared\src\protocol.ts
FNF:0
FNH:0
BRDA:1,0,0,2
BRF:1
BRH:1
DA:1,2
DA:2,2
DA:3,2
DA:4,2
DA:5,2
DA:6,2
DA:7,2
DA:8,2
DA:9,2
DA:10,2
DA:11,2
DA:12,2
DA:13,2
DA:14,2
DA:15,2
DA:16,2
DA:17,2
DA:18,2
DA:19,2
DA:20,2
DA:21,2
DA:22,2
DA:23,2
DA:24,2
DA:25,2
DA:26,2
DA:27,2
DA:28,2
DA:29,2
DA:30,2
DA:31,2
DA:32,2
DA:33,2
DA:34,2
DA:35,2
DA:36,2
DA:37,2
DA:38,2
DA:39,2
DA:40,2
DA:41,2
DA:42,2
DA:43,2
DA:44,2
DA:45,2
DA:46,2
DA:47,2
DA:48,2
DA:49,2
DA:50,2
DA:51,2
DA:52,2
DA:53,2
DA:54,2
DA:55,2
DA:56,2
DA:57,2
DA:58,2
DA:59,2
DA:60,2
DA:61,2
DA:62,2
DA:63,2
DA:64,2
DA:65,2
DA:66,2
DA:67,2
DA:68,2
DA:69,2
DA:70,2
DA:71,2
DA:72,2
DA:73,2
DA:74,2
DA:75,2
DA:76,2
DA:77,2
DA:78,2
DA:79,2
DA:80,2
DA:81,2
DA:82,2
DA:83,2
DA:84,2
DA:85,2
DA:86,2
DA:87,2
DA:88,2
DA:89,2
DA:90,2
DA:91,2
DA:92,2
DA:93,2
DA:94,2
DA:95,2
DA:96,2
DA:97,2
DA:98,2
DA:99,2
DA:100,2
DA:101,2
DA:102,2
DA:103,2
DA:104,2
DA:105,2
DA:106,2
DA:107,2
DA:108,2
DA:109,2
DA:110,2
DA:111,2
DA:112,2
DA:113,2
DA:114,2
DA:115,2
DA:116,2
DA:117,2
DA:118,2
DA:119,2
DA:120,2
DA:121,2
DA:122,2
DA:123,2
DA:124,2
DA:125,2
DA:126,2
DA:127,2
DA:128,2
DA:129,2
DA:130,2
DA:131,2
DA:132,2
DA:133,2
DA:134,2
DA:135,2
DA:136,2
DA:137,2
DA:138,2
DA:139,2
DA:140,2
DA:141,2
DA:142,2
DA:143,2
DA:144,2
DA:145,2
DA:146,2
DA:147,2
DA:148,2
DA:149,2
DA:150,2
DA:151,2
LH:151
LF:151
end_of_record
